[2026-03-20T09:00:00Z] [STEP-1] [scrum-master] STARTED → Sprint 10 Planning FEAT-008
[2026-03-20T09:00:01Z] [STEP-1] [scrum-master] COMPLETED → FEAT-008.md | SPRINT-010-planning.md | SCRUM-31 | 24 SP | Gate 1 PENDING
[2026-03-20T09:05:00Z] [GATE-1] [product-owner] APPROVED → Sprint 10 Planning 24 SP
[2026-03-20T11:06:00Z] [STEP-9] [workflow-manager] COMPLETED → Sprint 10 CERRADO | FEAT-008 ENTREGADO | v1.10.0 | 24/24 SP | 0 defectos | SCRUM-31
[2026-03-21T14:30:00Z] [STEP-1] [scrum-master] COMPLETED → FEAT-010.md | SPRINT-012-planning.md | SCRUM-33 | 24 SP
[2026-03-21T19:37:00Z] [GATE-1] [product-owner] APPROVED
[2026-03-21T19:45:00Z] [STEP-2] [requirements-analyst] COMPLETED → SRS-FEAT-010.md | 9 RF + 4 RNF + Flyway V13 DDL
[2026-03-22T11:02:00Z] [GATE-2] [product-owner] APPROVED
[2026-03-22T11:12:00Z] [STEP-3] [architect] COMPLETED → HLD-FEAT-010.md | LLD-013 | ADR-019
[2026-03-22T11:17:00Z] [GATE-3] [tech-lead] APPROVED
[2026-03-22T13:10:00Z] [STEP-4] [developer] COMPLETED → DEBT-017/018/019 + V13 + módulo dashboard + 23 tests
[2026-03-22T13:21:00Z] [GATE-4] [tech-lead] APPROVED
[2026-03-22T13:25:00Z] [STEP-5] [code-reviewer] COMPLETED → CR-FEAT-010-sprint12.md | RV-010 corregido
[2026-03-22T13:28:00Z] [GATE-5] [tech-lead] APPROVED
[2026-03-22T13:50:00Z] [STEP-5b] [security-agent] COMPLETED → SecurityReport-Sprint12 | CVE=0 | VERDE
[2026-03-22T14:00:00Z] [GATE-6] [qa-lead+product-owner] APPROVED
[2026-03-22T14:00:01Z] [STEP-6] [qa-tester] COMPLETED → QA-Report-FEAT-010-sprint12.md | 37/37 PASS | 0 defectos
[2026-03-22T14:05:00Z] [STEP-7] [devops] COMPLETED → Jenkinsfile v1.12.0 | RELEASE-NOTES-v1.12.0.md
[2026-03-22T14:10:00Z] [GATE-7] [release-manager] APPROVED
[2026-03-22T14:15:00Z] [STEP-9] [workflow-manager] COMPLETED → Sprint 12 CERRADO | FEAT-010 ENTREGADO | v1.12.0 | 24/24 SP | SCRUM-33
[2026-03-22T14:30:00Z] [STEP-1] [scrum-master] COMPLETED → Sprint 13 Planning FEAT-011 | SCRUM-34 | 24 SP
[2026-03-22T19:30:00Z] [STEP-9] [workflow-manager] COMPLETED → Sprint 13 CERRADO | FEAT-011 ENTREGADO | v1.13.0 | 24/24 SP | SCRUM-34
[2026-03-23T10:00:00Z] [STEP-1] [scrum-master] COMPLETED → Sprint 14 Planning FEAT-012 | SCRUM-35 | 24 SP
[2026-03-23T10:30:00Z] [GATE-1] [product-owner] APPROVED
[2026-03-23T11:00:00Z] [GATE-2] [product-owner] APPROVED → SRS-FEAT-012 | 5 US | 20 Gherkin
[2026-03-23T11:30:00Z] [GATE-3] [tech-lead] APPROVED → HLD+LLD+ADR-021/022
[2026-03-23T18:30:00Z] [GATE-4] [tech-lead] APPROVED → DEBT-022/023 + RV-013..017 + FEAT-012-A base
[2026-03-23T19:00:00Z] [GATE-5] [tech-lead] APPROVED → CR-FEAT-012-sprint14.md | 0 bloqueantes
[2026-03-23T19:30:00Z] [GATE-6] [qa-lead+product-owner] APPROVED → 42/42 TC PASS | 0 defectos
[2026-03-23T20:00:00Z] [GATE-7] [release-manager] APPROVED → v1.14.0
[2026-03-23T20:30:00Z] [STEP-9] [workflow-manager] COMPLETED → Sprint 14 CERRADO | FEAT-012-A ENTREGADO | v1.14.0 | 24/24 SP | SCRUM-35
